<?xml version="1.0" encoding="UTF-8"?>
<!-- Generated by org.testng.reporters.JUnitReportReporter -->
<testsuite hostname="DESKTOP-1MPHE0I" failures="0" tests="3" name="practice.testng.SampleReportTest" time="7.827" errors="0" timestamp="2024-07-23T13:26:40 IST" skipped="0">
  <testcase classname="practice.testng.SampleReportTest" name="createContactTest" time="7.802"/>
  <system-out/>
  <testcase classname="practice.testng.SampleReportTest" name="createContactWithPhoneNumber" time="0.014"/>
  <system-out/>
  <testcase classname="practice.testng.SampleReportTest" name="createContactWithOrg" time="0.011"/>
  <system-out/>
</testsuite> <!-- practice.testng.SampleReportTest -->
