<?xml version="1.0" encoding="UTF-8"?>
<!-- Generated by org.testng.reporters.JUnitReportReporter -->
<testsuite hostname="DESKTOP-1MPHE0I" failures="0" tests="11" name="practice.testng.OrderTest" time="0.133" errors="0" timestamp="2024-07-15T03:45:03 PDT" skipped="1">
  <testcase classname="practice.testng.OrderTest" name="createOrderTest" time="0.016"/>
  <system-out/>
  <testcase classname="practice.testng.OrderTest" name="createOrderTest" time="0.016"/>
  <system-out/>
  <testcase classname="practice.testng.OrderTest" name="createOrderTest" time="0.013"/>
  <system-out/>
  <testcase classname="practice.testng.OrderTest" name="createOrderTest" time="0.008"/>
  <system-out/>
  <testcase classname="practice.testng.OrderTest" name="createOrderTest" time="0.004"/>
  <system-out/>
  <testcase classname="practice.testng.OrderTest" name="createOrderTest" time="0.013"/>
  <system-out/>
  <testcase classname="practice.testng.OrderTest" name="createOrderTest" time="0.010"/>
  <system-out/>
  <testcase classname="practice.testng.OrderTest" name="createOrderTest" time="0.022"/>
  <system-out/>
  <testcase classname="practice.testng.OrderTest" name="createOrderTest" time="0.006"/>
  <system-out/>
  <testcase classname="practice.testng.OrderTest" name="createOrderTest" time="0.025"/>
  <system-out/>
  <testcase classname="practice.testng.OrderTest" name="billingAnOrderTest">
    <skipped/>
  </testcase> <!-- billingAnOrderTest -->
  <system-out/>
</testsuite> <!-- practice.testng.OrderTest -->
