<?xml version="1.0" encoding="UTF-8"?>
<!-- Generated by org.testng.reporters.JUnitReportReporter -->
<testsuite hostname="DESKTOP-1MPHE0I" failures="0" tests="3" name="practice.testng.CreateContact_DP_Test" time="0.049" errors="0" timestamp="2024-07-15T05:50:46 PDT" skipped="0">
  <testcase classname="practice.testng.CreateContact_DP_Test" name="createContactTest" time="0.016"/>
  <system-out/>
  <testcase classname="practice.testng.CreateContact_DP_Test" name="createContactTest" time="0.011"/>
  <system-out/>
  <testcase classname="practice.testng.CreateContact_DP_Test" name="createContactTest" time="0.022"/>
  <system-out/>
</testsuite> <!-- practice.testng.CreateContact_DP_Test -->
