<?xml version="1.0" encoding="UTF-8"?>
<!-- Generated by org.testng.reporters.JUnitReportReporter -->
<testsuite hostname="DESKTOP-1MPHE0I" failures="0" tests="2" name="com.crm.comcast.contacttest.CreateOrgTest" time="0.021" errors="0" timestamp="2024-07-16T03:08:20 PDT" skipped="0">
  <testcase classname="com.crm.comcast.contacttest.CreateOrgTest" name="createOrgWithIndustries" time="0.008"/>
  <system-out/>
  <testcase classname="com.crm.comcast.contacttest.CreateOrgTest" name="createOrgTest" time="0.013"/>
  <system-out/>
</testsuite> <!-- com.crm.comcast.contacttest.CreateOrgTest -->
