<?xml version="1.0" encoding="UTF-8"?>
<!-- Generated by org.testng.reporters.JUnitReportReporter -->
<testsuite hostname="DESKTOP-1MPHE0I" failures="0" tests="1" name="practice.hometest.SampleTestForScreenshot" time="11.654" errors="0" timestamp="2024-07-19T05:13:15 PDT" skipped="0">
  <testcase classname="practice.hometest.SampleTestForScreenshot" name="amazonTest" time="11.654"/>
  <system-out/>
</testsuite> <!-- practice.hometest.SampleTestForScreenshot -->
