<?xml version="1.0" encoding="UTF-8"?>
<!-- Generated by org.testng.reporters.JUnitReportReporter -->
<testsuite hostname="DESKTOP-1MPHE0I" failures="0" tests="2" name="com.pac1.CreateContactTest" time="0.082" errors="0" timestamp="2024-07-16T00:58:38 PDT" skipped="0">
  <testcase classname="com.pac1.CreateContactTest" name="createContact" time="0.048"/>
  <system-out/>
  <testcase classname="com.pac1.CreateContactTest" name="createContactWithDate" time="0.034"/>
  <system-out/>
</testsuite> <!-- com.pac1.CreateContactTest -->
