<?xml version="1.0" encoding="UTF-8"?>
<!-- Generated by org.testng.reporters.JUnitReportReporter -->
<testsuite hostname="DESKTOP-1MPHE0I" failures="0" tests="2" name="practice.hometest.HomePageSampleTest" time="0.079" errors="0" timestamp="2024-07-19T03:29:49 PDT" skipped="0">
  <testcase classname="practice.hometest.HomePageSampleTest" name="homePageTest" time="0.051"/>
  <system-out/>
  <testcase classname="practice.hometest.HomePageSampleTest" name="verifyLogoHomePageTest" time="0.028"/>
  <system-out/>
</testsuite> <!-- practice.hometest.HomePageSampleTest -->
